Analysis & Synthesis report for Binary_Adder
Fri Feb  1 15:02:37 2019
Quartus Prime Version 18.1.0 Build 625 09/12/2018 SJ Lite Edition


---------------------
; Table of Contents ;
---------------------
  1. Legal Notice
  2. Analysis & Synthesis Summary
  3. Analysis & Synthesis Settings
  4. Parallel Compilation
  5. Analysis & Synthesis Messages



----------------
; Legal Notice ;
----------------
Copyright (C) 2018  Intel Corporation. All rights reserved.
Your use of Intel Corporation's design tools, logic functions 
and other software and tools, and its AMPP partner logic 
functions, and any output files from any of the foregoing 
(including device programming or simulation files), and any 
associated documentation or information are expressly subject 
to the terms and conditions of the Intel Program License 
Subscription Agreement, the Intel Quartus Prime License Agreement,
the Intel FPGA IP License Agreement, or other applicable license
agreement, including, without limitation, that your use is for
the sole purpose of programming logic devices manufactured by
Intel and sold by Intel or its authorized distributors.  Please
refer to the applicable agreement for further details.



+---------------------------------------------------------------------------+
; Analysis & Synthesis Summary                                              ;
+-----------------------------+---------------------------------------------+
; Analysis & Synthesis Status ; Failed - Fri Feb  1 15:02:37 2019           ;
; Quartus Prime Version       ; 18.1.0 Build 625 09/12/2018 SJ Lite Edition ;
; Revision Name               ; Binary_Adder                                ;
; Top-level Entity Name       ; DUT                                         ;
; Family                      ; MAX V                                       ;
+-----------------------------+---------------------------------------------+


+------------------------------------------------------------------------------------------------------------+
; Analysis & Synthesis Settings                                                                              ;
+------------------------------------------------------------------+--------------------+--------------------+
; Option                                                           ; Setting            ; Default Value      ;
+------------------------------------------------------------------+--------------------+--------------------+
; Device                                                           ; 5M1270ZT144C5      ;                    ;
; Top-level entity name                                            ; DUT                ; Binary_Adder       ;
; Family name                                                      ; MAX V              ; Cyclone V          ;
; Use smart compilation                                            ; Off                ; Off                ;
; Enable parallel Assembler and Timing Analyzer during compilation ; On                 ; On                 ;
; Enable compact report table                                      ; Off                ; Off                ;
; Restructure Multiplexers                                         ; Auto               ; Auto               ;
; Create Debugging Nodes for IP Cores                              ; Off                ; Off                ;
; Preserve fewer node names                                        ; On                 ; On                 ;
; Intel FPGA IP Evaluation Mode                                    ; Enable             ; Enable             ;
; Verilog Version                                                  ; Verilog_2001       ; Verilog_2001       ;
; VHDL Version                                                     ; VHDL_1993          ; VHDL_1993          ;
; State Machine Processing                                         ; Auto               ; Auto               ;
; Safe State Machine                                               ; Off                ; Off                ;
; Extract Verilog State Machines                                   ; On                 ; On                 ;
; Extract VHDL State Machines                                      ; On                 ; On                 ;
; Ignore Verilog initial constructs                                ; Off                ; Off                ;
; Iteration limit for constant Verilog loops                       ; 5000               ; 5000               ;
; Iteration limit for non-constant Verilog loops                   ; 250                ; 250                ;
; Add Pass-Through Logic to Inferred RAMs                          ; On                 ; On                 ;
; Infer RAMs from Raw Logic                                        ; On                 ; On                 ;
; Parallel Synthesis                                               ; On                 ; On                 ;
; NOT Gate Push-Back                                               ; On                 ; On                 ;
; Power-Up Don't Care                                              ; On                 ; On                 ;
; Remove Redundant Logic Cells                                     ; Off                ; Off                ;
; Remove Duplicate Registers                                       ; On                 ; On                 ;
; Ignore CARRY Buffers                                             ; Off                ; Off                ;
; Ignore CASCADE Buffers                                           ; Off                ; Off                ;
; Ignore GLOBAL Buffers                                            ; Off                ; Off                ;
; Ignore ROW GLOBAL Buffers                                        ; Off                ; Off                ;
; Ignore LCELL Buffers                                             ; Off                ; Off                ;
; Ignore SOFT Buffers                                              ; On                 ; On                 ;
; Limit AHDL Integers to 32 Bits                                   ; Off                ; Off                ;
; Optimization Technique                                           ; Balanced           ; Balanced           ;
; Carry Chain Length                                               ; 70                 ; 70                 ;
; Auto Carry Chains                                                ; On                 ; On                 ;
; Auto Open-Drain Pins                                             ; On                 ; On                 ;
; Perform WYSIWYG Primitive Resynthesis                            ; Off                ; Off                ;
; Auto Shift Register Replacement                                  ; Auto               ; Auto               ;
; Allow Shift Register Merging across Hierarchies                  ; Auto               ; Auto               ;
; Auto Clock Enable Replacement                                    ; On                 ; On                 ;
; Allow Synchronous Control Signals                                ; On                 ; On                 ;
; Force Use of Synchronous Clear Signals                           ; Off                ; Off                ;
; Auto Resource Sharing                                            ; Off                ; Off                ;
; Use LogicLock Constraints during Resource Balancing              ; On                 ; On                 ;
; Ignore translate_off and synthesis_off directives                ; Off                ; Off                ;
; Report Parameter Settings                                        ; On                 ; On                 ;
; Report Source Assignments                                        ; On                 ; On                 ;
; Report Connectivity Checks                                       ; On                 ; On                 ;
; Ignore Maximum Fan-Out Assignments                               ; Off                ; Off                ;
; Synchronization Register Chain Length                            ; 2                  ; 2                  ;
; Power Optimization During Synthesis                              ; Normal compilation ; Normal compilation ;
; HDL message level                                                ; Level2             ; Level2             ;
; Suppress Register Optimization Related Messages                  ; Off                ; Off                ;
; Number of Removed Registers Reported in Synthesis Report         ; 5000               ; 5000               ;
; Number of Swept Nodes Reported in Synthesis Report               ; 5000               ; 5000               ;
; Number of Inverted Registers Reported in Synthesis Report        ; 100                ; 100                ;
; Clock MUX Protection                                             ; On                 ; On                 ;
; Block Design Naming                                              ; Auto               ; Auto               ;
; Synthesis Effort                                                 ; Auto               ; Auto               ;
; Shift Register Replacement - Allow Asynchronous Clear Signal     ; On                 ; On                 ;
; Analysis & Synthesis Message Level                               ; Medium             ; Medium             ;
; Disable Register Merging Across Hierarchies                      ; Auto               ; Auto               ;
+------------------------------------------------------------------+--------------------+--------------------+


+------------------------------------------+
; Parallel Compilation                     ;
+----------------------------+-------------+
; Processors                 ; Number      ;
+----------------------------+-------------+
; Number detected on machine ; 4           ;
; Maximum allowed            ; 2           ;
;                            ;             ;
; Average used               ; 1.00        ;
; Maximum used               ; 1           ;
;                            ;             ;
; Usage by Processor         ; % Time Used ;
;     Processor 1            ; 100.0%      ;
+----------------------------+-------------+


+-------------------------------+
; Analysis & Synthesis Messages ;
+-------------------------------+
Info: *******************************************************************
Info: Running Quartus Prime Analysis & Synthesis
    Info: Version 18.1.0 Build 625 09/12/2018 SJ Lite Edition
    Info: Processing started: Fri Feb  1 15:02:23 2019
Info: Command: quartus_map --read_settings_files=on --write_settings_files=off Binary_Adder -c Binary_Adder
Warning (18236): Number of processors has not been specified which may cause overloading on shared machines.  Set the global assignment NUM_PARALLEL_PROCESSORS in your QSF to an appropriate value for best performance.
Info (20030): Parallel compilation is enabled and will use 2 of the 2 processors detected
Info (12021): Found 2 design units, including 1 entities, in source file /home/gaurav/Desktop/Sem 4/EE214/2/rpadder/Testbench.vhdl
    Info (12022): Found design unit 1: Testbench-Behave File: /home/gaurav/Desktop/Sem 4/EE214/2/rpadder/Testbench.vhdl Line: 9
    Info (12023): Found entity 1: Testbench File: /home/gaurav/Desktop/Sem 4/EE214/2/rpadder/Testbench.vhdl Line: 7
Info (12021): Found 2 design units, including 1 entities, in source file /home/gaurav/Desktop/Sem 4/EE214/2/rpadder/Ripple_bit1_Adder.vhdl
    Info (12022): Found design unit 1: Ripple_Adder-Struct File: /home/gaurav/Desktop/Sem 4/EE214/2/rpadder/Ripple_bit1_Adder.vhdl Line: 9
    Info (12023): Found entity 1: Ripple_Adder File: /home/gaurav/Desktop/Sem 4/EE214/2/rpadder/Ripple_bit1_Adder.vhdl Line: 5
Info (12021): Found 19 design units, including 9 entities, in source file /home/gaurav/Desktop/Sem 4/EE214/2/rpadder/Gates.vhdl
    Info (12022): Found design unit 1: Gates File: /home/gaurav/Desktop/Sem 4/EE214/2/rpadder/Gates.vhdl Line: 3
    Info (12022): Found design unit 2: INVERTER-Equations File: /home/gaurav/Desktop/Sem 4/EE214/2/rpadder/Gates.vhdl Line: 54
    Info (12022): Found design unit 3: AND_2-Equations File: /home/gaurav/Desktop/Sem 4/EE214/2/rpadder/Gates.vhdl Line: 66
    Info (12022): Found design unit 4: NAND_2-Equations File: /home/gaurav/Desktop/Sem 4/EE214/2/rpadder/Gates.vhdl Line: 77
    Info (12022): Found design unit 5: OR_2-Equations File: /home/gaurav/Desktop/Sem 4/EE214/2/rpadder/Gates.vhdl Line: 88
    Info (12022): Found design unit 6: NOR_2-Equations File: /home/gaurav/Desktop/Sem 4/EE214/2/rpadder/Gates.vhdl Line: 99
    Info (12022): Found design unit 7: XOR_2-Equations File: /home/gaurav/Desktop/Sem 4/EE214/2/rpadder/Gates.vhdl Line: 111
    Info (12022): Found design unit 8: XNOR_2-Equations File: /home/gaurav/Desktop/Sem 4/EE214/2/rpadder/Gates.vhdl Line: 122
    Info (12022): Found design unit 9: HALF_ADDER-Equations File: /home/gaurav/Desktop/Sem 4/EE214/2/rpadder/Gates.vhdl Line: 133
    Info (12022): Found design unit 10: FULL_ADDER-Equations File: /home/gaurav/Desktop/Sem 4/EE214/2/rpadder/Gates.vhdl Line: 145
    Info (12023): Found entity 1: INVERTER File: /home/gaurav/Desktop/Sem 4/EE214/2/rpadder/Gates.vhdl Line: 50
    Info (12023): Found entity 2: AND_2 File: /home/gaurav/Desktop/Sem 4/EE214/2/rpadder/Gates.vhdl Line: 62
    Info (12023): Found entity 3: NAND_2 File: /home/gaurav/Desktop/Sem 4/EE214/2/rpadder/Gates.vhdl Line: 73
    Info (12023): Found entity 4: OR_2 File: /home/gaurav/Desktop/Sem 4/EE214/2/rpadder/Gates.vhdl Line: 84
    Info (12023): Found entity 5: NOR_2 File: /home/gaurav/Desktop/Sem 4/EE214/2/rpadder/Gates.vhdl Line: 95
    Info (12023): Found entity 6: XOR_2 File: /home/gaurav/Desktop/Sem 4/EE214/2/rpadder/Gates.vhdl Line: 107
    Info (12023): Found entity 7: XNOR_2 File: /home/gaurav/Desktop/Sem 4/EE214/2/rpadder/Gates.vhdl Line: 118
    Info (12023): Found entity 8: HALF_ADDER File: /home/gaurav/Desktop/Sem 4/EE214/2/rpadder/Gates.vhdl Line: 129
    Info (12023): Found entity 9: FULL_ADDER File: /home/gaurav/Desktop/Sem 4/EE214/2/rpadder/Gates.vhdl Line: 141
Error (10500): VHDL syntax error at DUT.vhdl(9) near text ":";  expecting ";", or ")" File: /home/gaurav/Desktop/Sem 4/EE214/2/rpadder/DUT.vhdl Line: 9
Error (10500): VHDL syntax error at DUT.vhdl(27) near text ")";  expecting "(", or an identifier, or  unary operator File: /home/gaurav/Desktop/Sem 4/EE214/2/rpadder/DUT.vhdl Line: 27
Info (12021): Found 0 design units, including 0 entities, in source file /home/gaurav/Desktop/Sem 4/EE214/2/rpadder/DUT.vhdl
Error: Quartus Prime Analysis & Synthesis was unsuccessful. 2 errors, 1 warning
    Error: Peak virtual memory: 943 megabytes
    Error: Processing ended: Fri Feb  1 15:02:37 2019
    Error: Elapsed time: 00:00:14
    Error: Total CPU time (on all processors): 00:00:33


