Analysis & Synthesis report for DUT
Thu Apr 18 14:49:45 2019
Quartus Prime Version 18.1.0 Build 625 09/12/2018 SJ Lite Edition


---------------------
; Table of Contents ;
---------------------
  1. Legal Notice
  2. Analysis & Synthesis Summary
  3. Analysis & Synthesis Settings
  4. Parallel Compilation
  5. Analysis & Synthesis Source Files Read
  6. Analysis & Synthesis Resource Usage Summary
  7. Analysis & Synthesis Resource Utilization by Entity
  8. General Register Statistics
  9. Port Connectivity Checks: "booth2bit:add_instance|fa16bit:fa3"
 10. Port Connectivity Checks: "booth2bit:add_instance|fa16bit:fa2"
 11. Port Connectivity Checks: "booth2bit:add_instance|fa16bit:fa1"
 12. Port Connectivity Checks: "booth2bit:add_instance|fa16bit:fa0|fa8bit:fa2"
 13. Port Connectivity Checks: "booth2bit:add_instance|fa16bit:fa0"
 14. Port Connectivity Checks: "booth2bit:add_instance|MUX3:m1|left_shift:l1|MUX:m1"
 15. Port Connectivity Checks: "booth2bit:add_instance|MUX3:m1"
 16. Analysis & Synthesis Messages



----------------
; Legal Notice ;
----------------
Copyright (C) 2018  Intel Corporation. All rights reserved.
Your use of Intel Corporation's design tools, logic functions 
and other software and tools, and its AMPP partner logic 
functions, and any output files from any of the foregoing 
(including device programming or simulation files), and any 
associated documentation or information are expressly subject 
to the terms and conditions of the Intel Program License 
Subscription Agreement, the Intel Quartus Prime License Agreement,
the Intel FPGA IP License Agreement, or other applicable license
agreement, including, without limitation, that your use is for
the sole purpose of programming logic devices manufactured by
Intel and sold by Intel or its authorized distributors.  Please
refer to the applicable agreement for further details.



+---------------------------------------------------------------------------+
; Analysis & Synthesis Summary                                              ;
+-----------------------------+---------------------------------------------+
; Analysis & Synthesis Status ; Successful - Thu Apr 18 14:49:45 2019       ;
; Quartus Prime Version       ; 18.1.0 Build 625 09/12/2018 SJ Lite Edition ;
; Revision Name               ; DUT                                         ;
; Top-level Entity Name       ; DUT                                         ;
; Family                      ; MAX V                                       ;
; Total logic elements        ; 123                                         ;
; Total pins                  ; 32                                          ;
; Total virtual pins          ; 0                                           ;
; UFM blocks                  ; 0 / 1 ( 0 % )                               ;
+-----------------------------+---------------------------------------------+


+------------------------------------------------------------------------------------------------------------+
; Analysis & Synthesis Settings                                                                              ;
+------------------------------------------------------------------+--------------------+--------------------+
; Option                                                           ; Setting            ; Default Value      ;
+------------------------------------------------------------------+--------------------+--------------------+
; Device                                                           ; 5M1270ZT144C5      ;                    ;
; Top-level entity name                                            ; DUT                ; DUT                ;
; Family name                                                      ; MAX V              ; Cyclone V          ;
; Use smart compilation                                            ; Off                ; Off                ;
; Enable parallel Assembler and Timing Analyzer during compilation ; On                 ; On                 ;
; Enable compact report table                                      ; Off                ; Off                ;
; Restructure Multiplexers                                         ; Auto               ; Auto               ;
; Create Debugging Nodes for IP Cores                              ; Off                ; Off                ;
; Preserve fewer node names                                        ; On                 ; On                 ;
; Intel FPGA IP Evaluation Mode                                    ; Enable             ; Enable             ;
; Verilog Version                                                  ; Verilog_2001       ; Verilog_2001       ;
; VHDL Version                                                     ; VHDL_1993          ; VHDL_1993          ;
; State Machine Processing                                         ; Auto               ; Auto               ;
; Safe State Machine                                               ; Off                ; Off                ;
; Extract Verilog State Machines                                   ; On                 ; On                 ;
; Extract VHDL State Machines                                      ; On                 ; On                 ;
; Ignore Verilog initial constructs                                ; Off                ; Off                ;
; Iteration limit for constant Verilog loops                       ; 5000               ; 5000               ;
; Iteration limit for non-constant Verilog loops                   ; 250                ; 250                ;
; Add Pass-Through Logic to Inferred RAMs                          ; On                 ; On                 ;
; Infer RAMs from Raw Logic                                        ; On                 ; On                 ;
; Parallel Synthesis                                               ; On                 ; On                 ;
; NOT Gate Push-Back                                               ; On                 ; On                 ;
; Power-Up Don't Care                                              ; On                 ; On                 ;
; Remove Redundant Logic Cells                                     ; Off                ; Off                ;
; Remove Duplicate Registers                                       ; On                 ; On                 ;
; Ignore CARRY Buffers                                             ; Off                ; Off                ;
; Ignore CASCADE Buffers                                           ; Off                ; Off                ;
; Ignore GLOBAL Buffers                                            ; Off                ; Off                ;
; Ignore ROW GLOBAL Buffers                                        ; Off                ; Off                ;
; Ignore LCELL Buffers                                             ; Off                ; Off                ;
; Ignore SOFT Buffers                                              ; On                 ; On                 ;
; Limit AHDL Integers to 32 Bits                                   ; Off                ; Off                ;
; Optimization Technique                                           ; Balanced           ; Balanced           ;
; Carry Chain Length                                               ; 70                 ; 70                 ;
; Auto Carry Chains                                                ; On                 ; On                 ;
; Auto Open-Drain Pins                                             ; On                 ; On                 ;
; Perform WYSIWYG Primitive Resynthesis                            ; Off                ; Off                ;
; Auto Shift Register Replacement                                  ; Auto               ; Auto               ;
; Allow Shift Register Merging across Hierarchies                  ; Auto               ; Auto               ;
; Auto Clock Enable Replacement                                    ; On                 ; On                 ;
; Allow Synchronous Control Signals                                ; On                 ; On                 ;
; Force Use of Synchronous Clear Signals                           ; Off                ; Off                ;
; Auto Resource Sharing                                            ; Off                ; Off                ;
; Use LogicLock Constraints during Resource Balancing              ; On                 ; On                 ;
; Ignore translate_off and synthesis_off directives                ; Off                ; Off                ;
; Report Parameter Settings                                        ; On                 ; On                 ;
; Report Source Assignments                                        ; On                 ; On                 ;
; Report Connectivity Checks                                       ; On                 ; On                 ;
; Ignore Maximum Fan-Out Assignments                               ; Off                ; Off                ;
; Synchronization Register Chain Length                            ; 2                  ; 2                  ;
; Power Optimization During Synthesis                              ; Normal compilation ; Normal compilation ;
; HDL message level                                                ; Level2             ; Level2             ;
; Suppress Register Optimization Related Messages                  ; Off                ; Off                ;
; Number of Removed Registers Reported in Synthesis Report         ; 5000               ; 5000               ;
; Number of Swept Nodes Reported in Synthesis Report               ; 5000               ; 5000               ;
; Number of Inverted Registers Reported in Synthesis Report        ; 100                ; 100                ;
; Clock MUX Protection                                             ; On                 ; On                 ;
; Block Design Naming                                              ; Auto               ; Auto               ;
; Synthesis Effort                                                 ; Auto               ; Auto               ;
; Shift Register Replacement - Allow Asynchronous Clear Signal     ; On                 ; On                 ;
; Analysis & Synthesis Message Level                               ; Medium             ; Medium             ;
; Disable Register Merging Across Hierarchies                      ; Auto               ; Auto               ;
+------------------------------------------------------------------+--------------------+--------------------+


+------------------------------------------+
; Parallel Compilation                     ;
+----------------------------+-------------+
; Processors                 ; Number      ;
+----------------------------+-------------+
; Number detected on machine ; 4           ;
; Maximum allowed            ; 2           ;
;                            ;             ;
; Average used               ; 1.00        ;
; Maximum used               ; 1           ;
;                            ;             ;
; Usage by Processor         ; % Time Used ;
;     Processor 1            ; 100.0%      ;
+----------------------------+-------------+


+----------------------------------------------------------------------------------------------------------------------------------------------------------------------+
; Analysis & Synthesis Source Files Read                                                                                                                               ;
+----------------------------------+-----------------+-----------------+-------------------------------------------------------------------------------------+---------+
; File Name with User-Entered Path ; Used in Netlist ; File Type       ; File Name with Absolute Path                                                        ; Library ;
+----------------------------------+-----------------+-----------------+-------------------------------------------------------------------------------------+---------+
; MUX3.vhdl                        ; yes             ; User VHDL File  ; /home/gaurav/Desktop/Sem4/EE224/ee224_sample_vhdl_codes/booth_2bit/MUX3.vhdl        ;         ;
; MUX.vhdl                         ; yes             ; User VHDL File  ; /home/gaurav/Desktop/Sem4/EE224/ee224_sample_vhdl_codes/booth_2bit/MUX.vhdl         ;         ;
; left_shift.vhdl                  ; yes             ; User VHDL File  ; /home/gaurav/Desktop/Sem4/EE224/ee224_sample_vhdl_codes/booth_2bit/left_shift.vhdl  ;         ;
; fa16bit.vhd                      ; yes             ; User VHDL File  ; /home/gaurav/Desktop/Sem4/EE224/ee224_sample_vhdl_codes/booth_2bit/fa16bit.vhd      ;         ;
; fa8bit.vhd                       ; yes             ; User VHDL File  ; /home/gaurav/Desktop/Sem4/EE224/ee224_sample_vhdl_codes/booth_2bit/fa8bit.vhd       ;         ;
; fa1bit.vhd                       ; yes             ; User VHDL File  ; /home/gaurav/Desktop/Sem4/EE224/ee224_sample_vhdl_codes/booth_2bit/fa1bit.vhd       ;         ;
; DUT.vhdl                         ; yes             ; User VHDL File  ; /home/gaurav/Desktop/Sem4/EE224/ee224_sample_vhdl_codes/booth_2bit/DUT.vhdl         ;         ;
; booth2bit_v1.vhd                 ; yes             ; User VHDL File  ; /home/gaurav/Desktop/Sem4/EE224/ee224_sample_vhdl_codes/booth_2bit/booth2bit_v1.vhd ;         ;
+----------------------------------+-----------------+-----------------+-------------------------------------------------------------------------------------+---------+


+---------------------------------------------------------------+
; Analysis & Synthesis Resource Usage Summary                   ;
+---------------------------------------------+-----------------+
; Resource                                    ; Usage           ;
+---------------------------------------------+-----------------+
; Total logic elements                        ; 123             ;
;     -- Combinational with no register       ; 123             ;
;     -- Register only                        ; 0               ;
;     -- Combinational with a register        ; 0               ;
;                                             ;                 ;
; Logic element usage by number of LUT inputs ;                 ;
;     -- 4 input functions                    ; 102             ;
;     -- 3 input functions                    ; 17              ;
;     -- 2 input functions                    ; 4               ;
;     -- 1 input functions                    ; 0               ;
;     -- 0 input functions                    ; 0               ;
;                                             ;                 ;
; Logic elements by mode                      ;                 ;
;     -- normal mode                          ; 123             ;
;     -- arithmetic mode                      ; 0               ;
;     -- qfbk mode                            ; 0               ;
;     -- register cascade mode                ; 0               ;
;     -- synchronous clear/load mode          ; 0               ;
;     -- asynchronous clear/load mode         ; 0               ;
;                                             ;                 ;
; Total registers                             ; 0               ;
; I/O pins                                    ; 32              ;
; Maximum fan-out node                        ; input_vector[3] ;
; Maximum fan-out                             ; 29              ;
; Total fan-out                               ; 483             ;
; Average fan-out                             ; 3.12            ;
+---------------------------------------------+-----------------+


+-------------------------------------------------------------------------------------------------------------------------------------------------------------------------------------------------------------------------------------------------------------------------------+
; Analysis & Synthesis Resource Utilization by Entity                                                                                                                                                                                                                           ;
+-----------------------------+-------------+--------------+------------+------+--------------+--------------+-------------------+------------------+-----------------+------------+---------------------------------------------------------------+-------------+--------------+
; Compilation Hierarchy Node  ; Logic Cells ; LC Registers ; UFM Blocks ; Pins ; Virtual Pins ; LUT-Only LCs ; Register-Only LCs ; LUT/Register LCs ; Carry Chain LCs ; Packed LCs ; Full Hierarchy Name                                           ; Entity Name ; Library Name ;
+-----------------------------+-------------+--------------+------------+------+--------------+--------------+-------------------+------------------+-----------------+------------+---------------------------------------------------------------+-------------+--------------+
; |DUT                        ; 123 (0)     ; 0            ; 0          ; 32   ; 0            ; 123 (0)      ; 0 (0)             ; 0 (0)            ; 0 (0)           ; 0 (0)      ; |DUT                                                          ; DUT         ; work         ;
;    |booth2bit:add_instance| ; 123 (0)     ; 0            ; 0          ; 0    ; 0            ; 123 (0)      ; 0 (0)             ; 0 (0)            ; 0 (0)           ; 0 (0)      ; |DUT|booth2bit:add_instance                                   ; booth2bit   ; work         ;
;       |MUX3:m1|             ; 1 (0)       ; 0            ; 0          ; 0    ; 0            ; 1 (0)        ; 0 (0)             ; 0 (0)            ; 0 (0)           ; 0 (0)      ; |DUT|booth2bit:add_instance|MUX3:m1                           ; MUX3        ; work         ;
;          |left_shift:l1|    ; 1 (0)       ; 0            ; 0          ; 0    ; 0            ; 1 (0)        ; 0 (0)             ; 0 (0)            ; 0 (0)           ; 0 (0)      ; |DUT|booth2bit:add_instance|MUX3:m1|left_shift:l1             ; left_shift  ; work         ;
;             |MUX:m1|        ; 1 (1)       ; 0            ; 0          ; 0    ; 0            ; 1 (1)        ; 0 (0)             ; 0 (0)            ; 0 (0)           ; 0 (0)      ; |DUT|booth2bit:add_instance|MUX3:m1|left_shift:l1|MUX:m1      ; MUX         ; work         ;
;       |MUX3:m2|             ; 11 (2)      ; 0            ; 0          ; 0    ; 0            ; 11 (2)       ; 0 (0)             ; 0 (0)            ; 0 (0)           ; 0 (0)      ; |DUT|booth2bit:add_instance|MUX3:m2                           ; MUX3        ; work         ;
;          |left_shift:l1|    ; 9 (1)       ; 0            ; 0          ; 0    ; 0            ; 9 (1)        ; 0 (0)             ; 0 (0)            ; 0 (0)           ; 0 (0)      ; |DUT|booth2bit:add_instance|MUX3:m2|left_shift:l1             ; left_shift  ; work         ;
;             |MUX:m1|        ; 8 (8)       ; 0            ; 0          ; 0    ; 0            ; 8 (8)        ; 0 (0)             ; 0 (0)            ; 0 (0)           ; 0 (0)      ; |DUT|booth2bit:add_instance|MUX3:m2|left_shift:l1|MUX:m1      ; MUX         ; work         ;
;       |MUX3:m3|             ; 11 (2)      ; 0            ; 0          ; 0    ; 0            ; 11 (2)       ; 0 (0)             ; 0 (0)            ; 0 (0)           ; 0 (0)      ; |DUT|booth2bit:add_instance|MUX3:m3                           ; MUX3        ; work         ;
;          |left_shift:l1|    ; 9 (1)       ; 0            ; 0          ; 0    ; 0            ; 9 (1)        ; 0 (0)             ; 0 (0)            ; 0 (0)           ; 0 (0)      ; |DUT|booth2bit:add_instance|MUX3:m3|left_shift:l1             ; left_shift  ; work         ;
;             |MUX:m1|        ; 8 (8)       ; 0            ; 0          ; 0    ; 0            ; 8 (8)        ; 0 (0)             ; 0 (0)            ; 0 (0)           ; 0 (0)      ; |DUT|booth2bit:add_instance|MUX3:m3|left_shift:l1|MUX:m1      ; MUX         ; work         ;
;       |MUX3:m4|             ; 11 (2)      ; 0            ; 0          ; 0    ; 0            ; 11 (2)       ; 0 (0)             ; 0 (0)            ; 0 (0)           ; 0 (0)      ; |DUT|booth2bit:add_instance|MUX3:m4                           ; MUX3        ; work         ;
;          |left_shift:l1|    ; 9 (1)       ; 0            ; 0          ; 0    ; 0            ; 9 (1)        ; 0 (0)             ; 0 (0)            ; 0 (0)           ; 0 (0)      ; |DUT|booth2bit:add_instance|MUX3:m4|left_shift:l1             ; left_shift  ; work         ;
;             |MUX:m1|        ; 8 (8)       ; 0            ; 0          ; 0    ; 0            ; 8 (8)        ; 0 (0)             ; 0 (0)            ; 0 (0)           ; 0 (0)      ; |DUT|booth2bit:add_instance|MUX3:m4|left_shift:l1|MUX:m1      ; MUX         ; work         ;
;       |fa16bit:fa0|         ; 23 (7)      ; 0            ; 0          ; 0    ; 0            ; 23 (7)       ; 0 (0)             ; 0 (0)            ; 0 (0)           ; 0 (0)      ; |DUT|booth2bit:add_instance|fa16bit:fa0                       ; fa16bit     ; work         ;
;          |fa8bit:fa1|       ; 9 (0)       ; 0            ; 0          ; 0    ; 0            ; 9 (0)        ; 0 (0)             ; 0 (0)            ; 0 (0)           ; 0 (0)      ; |DUT|booth2bit:add_instance|fa16bit:fa0|fa8bit:fa1            ; fa8bit      ; work         ;
;             |fa1bit:fa1|    ; 2 (2)       ; 0            ; 0          ; 0    ; 0            ; 2 (2)        ; 0 (0)             ; 0 (0)            ; 0 (0)           ; 0 (0)      ; |DUT|booth2bit:add_instance|fa16bit:fa0|fa8bit:fa1|fa1bit:fa1 ; fa1bit      ; work         ;
;             |fa1bit:fa3|    ; 2 (2)       ; 0            ; 0          ; 0    ; 0            ; 2 (2)        ; 0 (0)             ; 0 (0)            ; 0 (0)           ; 0 (0)      ; |DUT|booth2bit:add_instance|fa16bit:fa0|fa8bit:fa1|fa1bit:fa3 ; fa1bit      ; work         ;
;             |fa1bit:fa4|    ; 1 (1)       ; 0            ; 0          ; 0    ; 0            ; 1 (1)        ; 0 (0)             ; 0 (0)            ; 0 (0)           ; 0 (0)      ; |DUT|booth2bit:add_instance|fa16bit:fa0|fa8bit:fa1|fa1bit:fa4 ; fa1bit      ; work         ;
;             |fa1bit:fa5|    ; 2 (2)       ; 0            ; 0          ; 0    ; 0            ; 2 (2)        ; 0 (0)             ; 0 (0)            ; 0 (0)           ; 0 (0)      ; |DUT|booth2bit:add_instance|fa16bit:fa0|fa8bit:fa1|fa1bit:fa5 ; fa1bit      ; work         ;
;             |fa1bit:fa6|    ; 1 (1)       ; 0            ; 0          ; 0    ; 0            ; 1 (1)        ; 0 (0)             ; 0 (0)            ; 0 (0)           ; 0 (0)      ; |DUT|booth2bit:add_instance|fa16bit:fa0|fa8bit:fa1|fa1bit:fa6 ; fa1bit      ; work         ;
;             |fa1bit:fa7|    ; 1 (1)       ; 0            ; 0          ; 0    ; 0            ; 1 (1)        ; 0 (0)             ; 0 (0)            ; 0 (0)           ; 0 (0)      ; |DUT|booth2bit:add_instance|fa16bit:fa0|fa8bit:fa1|fa1bit:fa7 ; fa1bit      ; work         ;
;          |fa8bit:fa2|       ; 7 (0)       ; 0            ; 0          ; 0    ; 0            ; 7 (0)        ; 0 (0)             ; 0 (0)            ; 0 (0)           ; 0 (0)      ; |DUT|booth2bit:add_instance|fa16bit:fa0|fa8bit:fa2            ; fa8bit      ; work         ;
;             |fa1bit:fa0|    ; 1 (1)       ; 0            ; 0          ; 0    ; 0            ; 1 (1)        ; 0 (0)             ; 0 (0)            ; 0 (0)           ; 0 (0)      ; |DUT|booth2bit:add_instance|fa16bit:fa0|fa8bit:fa2|fa1bit:fa0 ; fa1bit      ; work         ;
;             |fa1bit:fa1|    ; 1 (1)       ; 0            ; 0          ; 0    ; 0            ; 1 (1)        ; 0 (0)             ; 0 (0)            ; 0 (0)           ; 0 (0)      ; |DUT|booth2bit:add_instance|fa16bit:fa0|fa8bit:fa2|fa1bit:fa1 ; fa1bit      ; work         ;
;             |fa1bit:fa2|    ; 2 (2)       ; 0            ; 0          ; 0    ; 0            ; 2 (2)        ; 0 (0)             ; 0 (0)            ; 0 (0)           ; 0 (0)      ; |DUT|booth2bit:add_instance|fa16bit:fa0|fa8bit:fa2|fa1bit:fa2 ; fa1bit      ; work         ;
;             |fa1bit:fa3|    ; 1 (1)       ; 0            ; 0          ; 0    ; 0            ; 1 (1)        ; 0 (0)             ; 0 (0)            ; 0 (0)           ; 0 (0)      ; |DUT|booth2bit:add_instance|fa16bit:fa0|fa8bit:fa2|fa1bit:fa3 ; fa1bit      ; work         ;
;             |fa1bit:fa6|    ; 2 (2)       ; 0            ; 0          ; 0    ; 0            ; 2 (2)        ; 0 (0)             ; 0 (0)            ; 0 (0)           ; 0 (0)      ; |DUT|booth2bit:add_instance|fa16bit:fa0|fa8bit:fa2|fa1bit:fa6 ; fa1bit      ; work         ;
;       |fa16bit:fa1|         ; 21 (0)      ; 0            ; 0          ; 0    ; 0            ; 21 (0)       ; 0 (0)             ; 0 (0)            ; 0 (0)           ; 0 (0)      ; |DUT|booth2bit:add_instance|fa16bit:fa1                       ; fa16bit     ; work         ;
;          |fa8bit:fa1|       ; 11 (0)      ; 0            ; 0          ; 0    ; 0            ; 11 (0)       ; 0 (0)             ; 0 (0)            ; 0 (0)           ; 0 (0)      ; |DUT|booth2bit:add_instance|fa16bit:fa1|fa8bit:fa1            ; fa8bit      ; work         ;
;             |fa1bit:fa2|    ; 2 (2)       ; 0            ; 0          ; 0    ; 0            ; 2 (2)        ; 0 (0)             ; 0 (0)            ; 0 (0)           ; 0 (0)      ; |DUT|booth2bit:add_instance|fa16bit:fa1|fa8bit:fa1|fa1bit:fa2 ; fa1bit      ; work         ;
;             |fa1bit:fa3|    ; 1 (1)       ; 0            ; 0          ; 0    ; 0            ; 1 (1)        ; 0 (0)             ; 0 (0)            ; 0 (0)           ; 0 (0)      ; |DUT|booth2bit:add_instance|fa16bit:fa1|fa8bit:fa1|fa1bit:fa3 ; fa1bit      ; work         ;
;             |fa1bit:fa4|    ; 2 (2)       ; 0            ; 0          ; 0    ; 0            ; 2 (2)        ; 0 (0)             ; 0 (0)            ; 0 (0)           ; 0 (0)      ; |DUT|booth2bit:add_instance|fa16bit:fa1|fa8bit:fa1|fa1bit:fa4 ; fa1bit      ; work         ;
;             |fa1bit:fa5|    ; 2 (2)       ; 0            ; 0          ; 0    ; 0            ; 2 (2)        ; 0 (0)             ; 0 (0)            ; 0 (0)           ; 0 (0)      ; |DUT|booth2bit:add_instance|fa16bit:fa1|fa8bit:fa1|fa1bit:fa5 ; fa1bit      ; work         ;
;             |fa1bit:fa6|    ; 2 (2)       ; 0            ; 0          ; 0    ; 0            ; 2 (2)        ; 0 (0)             ; 0 (0)            ; 0 (0)           ; 0 (0)      ; |DUT|booth2bit:add_instance|fa16bit:fa1|fa8bit:fa1|fa1bit:fa6 ; fa1bit      ; work         ;
;             |fa1bit:fa7|    ; 2 (2)       ; 0            ; 0          ; 0    ; 0            ; 2 (2)        ; 0 (0)             ; 0 (0)            ; 0 (0)           ; 0 (0)      ; |DUT|booth2bit:add_instance|fa16bit:fa1|fa8bit:fa1|fa1bit:fa7 ; fa1bit      ; work         ;
;          |fa8bit:fa2|       ; 10 (0)      ; 0            ; 0          ; 0    ; 0            ; 10 (0)       ; 0 (0)             ; 0 (0)            ; 0 (0)           ; 0 (0)      ; |DUT|booth2bit:add_instance|fa16bit:fa1|fa8bit:fa2            ; fa8bit      ; work         ;
;             |fa1bit:fa0|    ; 2 (2)       ; 0            ; 0          ; 0    ; 0            ; 2 (2)        ; 0 (0)             ; 0 (0)            ; 0 (0)           ; 0 (0)      ; |DUT|booth2bit:add_instance|fa16bit:fa1|fa8bit:fa2|fa1bit:fa0 ; fa1bit      ; work         ;
;             |fa1bit:fa1|    ; 2 (2)       ; 0            ; 0          ; 0    ; 0            ; 2 (2)        ; 0 (0)             ; 0 (0)            ; 0 (0)           ; 0 (0)      ; |DUT|booth2bit:add_instance|fa16bit:fa1|fa8bit:fa2|fa1bit:fa1 ; fa1bit      ; work         ;
;             |fa1bit:fa2|    ; 2 (2)       ; 0            ; 0          ; 0    ; 0            ; 2 (2)        ; 0 (0)             ; 0 (0)            ; 0 (0)           ; 0 (0)      ; |DUT|booth2bit:add_instance|fa16bit:fa1|fa8bit:fa2|fa1bit:fa2 ; fa1bit      ; work         ;
;             |fa1bit:fa3|    ; 1 (1)       ; 0            ; 0          ; 0    ; 0            ; 1 (1)        ; 0 (0)             ; 0 (0)            ; 0 (0)           ; 0 (0)      ; |DUT|booth2bit:add_instance|fa16bit:fa1|fa8bit:fa2|fa1bit:fa3 ; fa1bit      ; work         ;
;             |fa1bit:fa4|    ; 2 (2)       ; 0            ; 0          ; 0    ; 0            ; 2 (2)        ; 0 (0)             ; 0 (0)            ; 0 (0)           ; 0 (0)      ; |DUT|booth2bit:add_instance|fa16bit:fa1|fa8bit:fa2|fa1bit:fa4 ; fa1bit      ; work         ;
;             |fa1bit:fa5|    ; 1 (1)       ; 0            ; 0          ; 0    ; 0            ; 1 (1)        ; 0 (0)             ; 0 (0)            ; 0 (0)           ; 0 (0)      ; |DUT|booth2bit:add_instance|fa16bit:fa1|fa8bit:fa2|fa1bit:fa5 ; fa1bit      ; work         ;
;       |fa16bit:fa2|         ; 21 (0)      ; 0            ; 0          ; 0    ; 0            ; 21 (0)       ; 0 (0)             ; 0 (0)            ; 0 (0)           ; 0 (0)      ; |DUT|booth2bit:add_instance|fa16bit:fa2                       ; fa16bit     ; work         ;
;          |fa8bit:fa1|       ; 8 (0)       ; 0            ; 0          ; 0    ; 0            ; 8 (0)        ; 0 (0)             ; 0 (0)            ; 0 (0)           ; 0 (0)      ; |DUT|booth2bit:add_instance|fa16bit:fa2|fa8bit:fa1            ; fa8bit      ; work         ;
;             |fa1bit:fa3|    ; 1 (1)       ; 0            ; 0          ; 0    ; 0            ; 1 (1)        ; 0 (0)             ; 0 (0)            ; 0 (0)           ; 0 (0)      ; |DUT|booth2bit:add_instance|fa16bit:fa2|fa8bit:fa1|fa1bit:fa3 ; fa1bit      ; work         ;
;             |fa1bit:fa4|    ; 2 (2)       ; 0            ; 0          ; 0    ; 0            ; 2 (2)        ; 0 (0)             ; 0 (0)            ; 0 (0)           ; 0 (0)      ; |DUT|booth2bit:add_instance|fa16bit:fa2|fa8bit:fa1|fa1bit:fa4 ; fa1bit      ; work         ;
;             |fa1bit:fa5|    ; 1 (1)       ; 0            ; 0          ; 0    ; 0            ; 1 (1)        ; 0 (0)             ; 0 (0)            ; 0 (0)           ; 0 (0)      ; |DUT|booth2bit:add_instance|fa16bit:fa2|fa8bit:fa1|fa1bit:fa5 ; fa1bit      ; work         ;
;             |fa1bit:fa6|    ; 2 (2)       ; 0            ; 0          ; 0    ; 0            ; 2 (2)        ; 0 (0)             ; 0 (0)            ; 0 (0)           ; 0 (0)      ; |DUT|booth2bit:add_instance|fa16bit:fa2|fa8bit:fa1|fa1bit:fa6 ; fa1bit      ; work         ;
;             |fa1bit:fa7|    ; 2 (2)       ; 0            ; 0          ; 0    ; 0            ; 2 (2)        ; 0 (0)             ; 0 (0)            ; 0 (0)           ; 0 (0)      ; |DUT|booth2bit:add_instance|fa16bit:fa2|fa8bit:fa1|fa1bit:fa7 ; fa1bit      ; work         ;
;          |fa8bit:fa2|       ; 13 (0)      ; 0            ; 0          ; 0    ; 0            ; 13 (0)       ; 0 (0)             ; 0 (0)            ; 0 (0)           ; 0 (0)      ; |DUT|booth2bit:add_instance|fa16bit:fa2|fa8bit:fa2            ; fa8bit      ; work         ;
;             |fa1bit:fa0|    ; 2 (2)       ; 0            ; 0          ; 0    ; 0            ; 2 (2)        ; 0 (0)             ; 0 (0)            ; 0 (0)           ; 0 (0)      ; |DUT|booth2bit:add_instance|fa16bit:fa2|fa8bit:fa2|fa1bit:fa0 ; fa1bit      ; work         ;
;             |fa1bit:fa1|    ; 2 (2)       ; 0            ; 0          ; 0    ; 0            ; 2 (2)        ; 0 (0)             ; 0 (0)            ; 0 (0)           ; 0 (0)      ; |DUT|booth2bit:add_instance|fa16bit:fa2|fa8bit:fa2|fa1bit:fa1 ; fa1bit      ; work         ;
;             |fa1bit:fa2|    ; 2 (2)       ; 0            ; 0          ; 0    ; 0            ; 2 (2)        ; 0 (0)             ; 0 (0)            ; 0 (0)           ; 0 (0)      ; |DUT|booth2bit:add_instance|fa16bit:fa2|fa8bit:fa2|fa1bit:fa2 ; fa1bit      ; work         ;
;             |fa1bit:fa3|    ; 2 (2)       ; 0            ; 0          ; 0    ; 0            ; 2 (2)        ; 0 (0)             ; 0 (0)            ; 0 (0)           ; 0 (0)      ; |DUT|booth2bit:add_instance|fa16bit:fa2|fa8bit:fa2|fa1bit:fa3 ; fa1bit      ; work         ;
;             |fa1bit:fa4|    ; 2 (2)       ; 0            ; 0          ; 0    ; 0            ; 2 (2)        ; 0 (0)             ; 0 (0)            ; 0 (0)           ; 0 (0)      ; |DUT|booth2bit:add_instance|fa16bit:fa2|fa8bit:fa2|fa1bit:fa4 ; fa1bit      ; work         ;
;             |fa1bit:fa5|    ; 1 (1)       ; 0            ; 0          ; 0    ; 0            ; 1 (1)        ; 0 (0)             ; 0 (0)            ; 0 (0)           ; 0 (0)      ; |DUT|booth2bit:add_instance|fa16bit:fa2|fa8bit:fa2|fa1bit:fa5 ; fa1bit      ; work         ;
;             |fa1bit:fa6|    ; 2 (2)       ; 0            ; 0          ; 0    ; 0            ; 2 (2)        ; 0 (0)             ; 0 (0)            ; 0 (0)           ; 0 (0)      ; |DUT|booth2bit:add_instance|fa16bit:fa2|fa8bit:fa2|fa1bit:fa6 ; fa1bit      ; work         ;
;       |fa16bit:fa3|         ; 24 (0)      ; 0            ; 0          ; 0    ; 0            ; 24 (0)       ; 0 (0)             ; 0 (0)            ; 0 (0)           ; 0 (0)      ; |DUT|booth2bit:add_instance|fa16bit:fa3                       ; fa16bit     ; work         ;
;          |fa8bit:fa1|       ; 6 (0)       ; 0            ; 0          ; 0    ; 0            ; 6 (0)        ; 0 (0)             ; 0 (0)            ; 0 (0)           ; 0 (0)      ; |DUT|booth2bit:add_instance|fa16bit:fa3|fa8bit:fa1            ; fa8bit      ; work         ;
;             |fa1bit:fa0|    ; 1 (1)       ; 0            ; 0          ; 0    ; 0            ; 1 (1)        ; 0 (0)             ; 0 (0)            ; 0 (0)           ; 0 (0)      ; |DUT|booth2bit:add_instance|fa16bit:fa3|fa8bit:fa1|fa1bit:fa0 ; fa1bit      ; work         ;
;             |fa1bit:fa5|    ; 1 (1)       ; 0            ; 0          ; 0    ; 0            ; 1 (1)        ; 0 (0)             ; 0 (0)            ; 0 (0)           ; 0 (0)      ; |DUT|booth2bit:add_instance|fa16bit:fa3|fa8bit:fa1|fa1bit:fa5 ; fa1bit      ; work         ;
;             |fa1bit:fa6|    ; 2 (2)       ; 0            ; 0          ; 0    ; 0            ; 2 (2)        ; 0 (0)             ; 0 (0)            ; 0 (0)           ; 0 (0)      ; |DUT|booth2bit:add_instance|fa16bit:fa3|fa8bit:fa1|fa1bit:fa6 ; fa1bit      ; work         ;
;             |fa1bit:fa7|    ; 2 (2)       ; 0            ; 0          ; 0    ; 0            ; 2 (2)        ; 0 (0)             ; 0 (0)            ; 0 (0)           ; 0 (0)      ; |DUT|booth2bit:add_instance|fa16bit:fa3|fa8bit:fa1|fa1bit:fa7 ; fa1bit      ; work         ;
;          |fa8bit:fa2|       ; 18 (0)      ; 0            ; 0          ; 0    ; 0            ; 18 (0)       ; 0 (0)             ; 0 (0)            ; 0 (0)           ; 0 (0)      ; |DUT|booth2bit:add_instance|fa16bit:fa3|fa8bit:fa2            ; fa8bit      ; work         ;
;             |fa1bit:fa0|    ; 2 (2)       ; 0            ; 0          ; 0    ; 0            ; 2 (2)        ; 0 (0)             ; 0 (0)            ; 0 (0)           ; 0 (0)      ; |DUT|booth2bit:add_instance|fa16bit:fa3|fa8bit:fa2|fa1bit:fa0 ; fa1bit      ; work         ;
;             |fa1bit:fa1|    ; 2 (2)       ; 0            ; 0          ; 0    ; 0            ; 2 (2)        ; 0 (0)             ; 0 (0)            ; 0 (0)           ; 0 (0)      ; |DUT|booth2bit:add_instance|fa16bit:fa3|fa8bit:fa2|fa1bit:fa1 ; fa1bit      ; work         ;
;             |fa1bit:fa2|    ; 2 (2)       ; 0            ; 0          ; 0    ; 0            ; 2 (2)        ; 0 (0)             ; 0 (0)            ; 0 (0)           ; 0 (0)      ; |DUT|booth2bit:add_instance|fa16bit:fa3|fa8bit:fa2|fa1bit:fa2 ; fa1bit      ; work         ;
;             |fa1bit:fa3|    ; 2 (2)       ; 0            ; 0          ; 0    ; 0            ; 2 (2)        ; 0 (0)             ; 0 (0)            ; 0 (0)           ; 0 (0)      ; |DUT|booth2bit:add_instance|fa16bit:fa3|fa8bit:fa2|fa1bit:fa3 ; fa1bit      ; work         ;
;             |fa1bit:fa4|    ; 2 (2)       ; 0            ; 0          ; 0    ; 0            ; 2 (2)        ; 0 (0)             ; 0 (0)            ; 0 (0)           ; 0 (0)      ; |DUT|booth2bit:add_instance|fa16bit:fa3|fa8bit:fa2|fa1bit:fa4 ; fa1bit      ; work         ;
;             |fa1bit:fa5|    ; 2 (2)       ; 0            ; 0          ; 0    ; 0            ; 2 (2)        ; 0 (0)             ; 0 (0)            ; 0 (0)           ; 0 (0)      ; |DUT|booth2bit:add_instance|fa16bit:fa3|fa8bit:fa2|fa1bit:fa5 ; fa1bit      ; work         ;
;             |fa1bit:fa6|    ; 2 (2)       ; 0            ; 0          ; 0    ; 0            ; 2 (2)        ; 0 (0)             ; 0 (0)            ; 0 (0)           ; 0 (0)      ; |DUT|booth2bit:add_instance|fa16bit:fa3|fa8bit:fa2|fa1bit:fa6 ; fa1bit      ; work         ;
;             |fa1bit:fa7|    ; 4 (4)       ; 0            ; 0          ; 0    ; 0            ; 4 (4)        ; 0 (0)             ; 0 (0)            ; 0 (0)           ; 0 (0)      ; |DUT|booth2bit:add_instance|fa16bit:fa3|fa8bit:fa2|fa1bit:fa7 ; fa1bit      ; work         ;
+-----------------------------+-------------+--------------+------------+------+--------------+--------------+-------------------+------------------+-----------------+------------+---------------------------------------------------------------+-------------+--------------+
Note: For table entries with two numbers listed, the numbers in parentheses indicate the number of resources of the given type used by the specific entity alone. The numbers listed outside of parentheses indicate the total resources of the given type used by the specific entity and all of its sub-entities in the hierarchy.


+------------------------------------------------------+
; General Register Statistics                          ;
+----------------------------------------------+-------+
; Statistic                                    ; Value ;
+----------------------------------------------+-------+
; Total registers                              ; 0     ;
; Number of registers using Synchronous Clear  ; 0     ;
; Number of registers using Synchronous Load   ; 0     ;
; Number of registers using Asynchronous Clear ; 0     ;
; Number of registers using Asynchronous Load  ; 0     ;
; Number of registers using Clock Enable       ; 0     ;
; Number of registers using Preset             ; 0     ;
+----------------------------------------------+-------+


+-------------------------------------------------------------------------------------------------------------------+
; Port Connectivity Checks: "booth2bit:add_instance|fa16bit:fa3"                                                    ;
+---------+--------+----------+-------------------------------------------------------------------------------------+
; Port    ; Type   ; Severity ; Details                                                                             ;
+---------+--------+----------+-------------------------------------------------------------------------------------+
; b[5..0] ; Input  ; Info     ; Stuck at GND                                                                        ;
; cout    ; Output ; Info     ; Connected to dangling logic. Logic that only feeds a dangling port will be removed. ;
+---------+--------+----------+-------------------------------------------------------------------------------------+


+-------------------------------------------------------------------------------------------------------------------+
; Port Connectivity Checks: "booth2bit:add_instance|fa16bit:fa2"                                                    ;
+---------+--------+----------+-------------------------------------------------------------------------------------+
; Port    ; Type   ; Severity ; Details                                                                             ;
+---------+--------+----------+-------------------------------------------------------------------------------------+
; b[3..0] ; Input  ; Info     ; Stuck at GND                                                                        ;
; cout    ; Output ; Info     ; Connected to dangling logic. Logic that only feeds a dangling port will be removed. ;
+---------+--------+----------+-------------------------------------------------------------------------------------+


+-------------------------------------------------------------------------------------------------------------------+
; Port Connectivity Checks: "booth2bit:add_instance|fa16bit:fa1"                                                    ;
+---------+--------+----------+-------------------------------------------------------------------------------------+
; Port    ; Type   ; Severity ; Details                                                                             ;
+---------+--------+----------+-------------------------------------------------------------------------------------+
; b[1..0] ; Input  ; Info     ; Stuck at GND                                                                        ;
; cout    ; Output ; Info     ; Connected to dangling logic. Logic that only feeds a dangling port will be removed. ;
+---------+--------+----------+-------------------------------------------------------------------------------------+


+----------------------------------------------------------------------------------------------------------------+
; Port Connectivity Checks: "booth2bit:add_instance|fa16bit:fa0|fa8bit:fa2"                                      ;
+------+--------+----------+-------------------------------------------------------------------------------------+
; Port ; Type   ; Severity ; Details                                                                             ;
+------+--------+----------+-------------------------------------------------------------------------------------+
; cout ; Output ; Info     ; Connected to dangling logic. Logic that only feeds a dangling port will be removed. ;
+------+--------+----------+-------------------------------------------------------------------------------------+


+----------------------------------------------------------------------------------------------------------------+
; Port Connectivity Checks: "booth2bit:add_instance|fa16bit:fa0"                                                 ;
+------+--------+----------+-------------------------------------------------------------------------------------+
; Port ; Type   ; Severity ; Details                                                                             ;
+------+--------+----------+-------------------------------------------------------------------------------------+
; a    ; Input  ; Info     ; Stuck at GND                                                                        ;
; cout ; Output ; Info     ; Connected to dangling logic. Logic that only feeds a dangling port will be removed. ;
+------+--------+----------+-------------------------------------------------------------------------------------+


+---------------------------------------------------------------------------------+
; Port Connectivity Checks: "booth2bit:add_instance|MUX3:m1|left_shift:l1|MUX:m1" ;
+------+-------+----------+-------------------------------------------------------+
; Port ; Type  ; Severity ; Details                                               ;
+------+-------+----------+-------------------------------------------------------+
; a[0] ; Input ; Info     ; Stuck at GND                                          ;
+------+-------+----------+-------------------------------------------------------+


+------------------------------------------------------------+
; Port Connectivity Checks: "booth2bit:add_instance|MUX3:m1" ;
+------+-------+----------+----------------------------------+
; Port ; Type  ; Severity ; Details                          ;
+------+-------+----------+----------------------------------+
; s[0] ; Input ; Info     ; Stuck at GND                     ;
+------+-------+----------+----------------------------------+


+-------------------------------+
; Analysis & Synthesis Messages ;
+-------------------------------+
Info: *******************************************************************
Info: Running Quartus Prime Analysis & Synthesis
    Info: Version 18.1.0 Build 625 09/12/2018 SJ Lite Edition
    Info: Processing started: Thu Apr 18 14:49:33 2019
Info: Command: quartus_map --read_settings_files=on --write_settings_files=off booth2bit -c DUT
Warning (18236): Number of processors has not been specified which may cause overloading on shared machines.  Set the global assignment NUM_PARALLEL_PROCESSORS in your QSF to an appropriate value for best performance.
Info (20030): Parallel compilation is enabled and will use 2 of the 2 processors detected
Info (12021): Found 2 design units, including 1 entities, in source file MUX3.vhdl
    Info (12022): Found design unit 1: MUX3-Equations File: /home/gaurav/Desktop/Sem4/EE224/ee224_sample_vhdl_codes/booth_2bit/MUX3.vhdl Line: 7
    Info (12023): Found entity 1: MUX3 File: /home/gaurav/Desktop/Sem4/EE224/ee224_sample_vhdl_codes/booth_2bit/MUX3.vhdl Line: 3
Warning (12090): Entity "MUX" obtained from "MUX.vhdl" instead of from Quartus Prime megafunction library File: /home/gaurav/Desktop/Sem4/EE224/ee224_sample_vhdl_codes/booth_2bit/MUX.vhdl Line: 3
Info (12021): Found 2 design units, including 1 entities, in source file MUX.vhdl
    Info (12022): Found design unit 1: MUX-Equations File: /home/gaurav/Desktop/Sem4/EE224/ee224_sample_vhdl_codes/booth_2bit/MUX.vhdl Line: 7
    Info (12023): Found entity 1: MUX File: /home/gaurav/Desktop/Sem4/EE224/ee224_sample_vhdl_codes/booth_2bit/MUX.vhdl Line: 3
Info (12021): Found 2 design units, including 1 entities, in source file left_shift.vhdl
    Info (12022): Found design unit 1: left_shift-design File: /home/gaurav/Desktop/Sem4/EE224/ee224_sample_vhdl_codes/booth_2bit/left_shift.vhdl Line: 10
    Info (12023): Found entity 1: left_shift File: /home/gaurav/Desktop/Sem4/EE224/ee224_sample_vhdl_codes/booth_2bit/left_shift.vhdl Line: 5
Info (12021): Found 2 design units, including 1 entities, in source file Testbench.vhdl
    Info (12022): Found design unit 1: Testbench-Behave File: /home/gaurav/Desktop/Sem4/EE224/ee224_sample_vhdl_codes/booth_2bit/Testbench.vhdl Line: 9
    Info (12023): Found entity 1: Testbench File: /home/gaurav/Desktop/Sem4/EE224/ee224_sample_vhdl_codes/booth_2bit/Testbench.vhdl Line: 7
Info (12021): Found 2 design units, including 1 entities, in source file fa16bit.vhd
    Info (12022): Found design unit 1: fa16bit-fa16bit_beh File: /home/gaurav/Desktop/Sem4/EE224/ee224_sample_vhdl_codes/booth_2bit/fa16bit.vhd Line: 11
    Info (12023): Found entity 1: fa16bit File: /home/gaurav/Desktop/Sem4/EE224/ee224_sample_vhdl_codes/booth_2bit/fa16bit.vhd Line: 4
Info (12021): Found 2 design units, including 1 entities, in source file fa8bit.vhd
    Info (12022): Found design unit 1: fa8bit-fa8bit_beh File: /home/gaurav/Desktop/Sem4/EE224/ee224_sample_vhdl_codes/booth_2bit/fa8bit.vhd Line: 14
    Info (12023): Found entity 1: fa8bit File: /home/gaurav/Desktop/Sem4/EE224/ee224_sample_vhdl_codes/booth_2bit/fa8bit.vhd Line: 7
Info (12021): Found 2 design units, including 1 entities, in source file fa1bit.vhd
    Info (12022): Found design unit 1: fa1bit-fa1bit_beh File: /home/gaurav/Desktop/Sem4/EE224/ee224_sample_vhdl_codes/booth_2bit/fa1bit.vhd Line: 12
    Info (12023): Found entity 1: fa1bit File: /home/gaurav/Desktop/Sem4/EE224/ee224_sample_vhdl_codes/booth_2bit/fa1bit.vhd Line: 7
Info (12021): Found 2 design units, including 1 entities, in source file DUT.vhdl
    Info (12022): Found design unit 1: DUT-DutWrap File: /home/gaurav/Desktop/Sem4/EE224/ee224_sample_vhdl_codes/booth_2bit/DUT.vhdl Line: 12
    Info (12023): Found entity 1: DUT File: /home/gaurav/Desktop/Sem4/EE224/ee224_sample_vhdl_codes/booth_2bit/DUT.vhdl Line: 7
Info (12021): Found 2 design units, including 1 entities, in source file booth2bit_v1.vhd
    Info (12022): Found design unit 1: booth2bit-behave File: /home/gaurav/Desktop/Sem4/EE224/ee224_sample_vhdl_codes/booth_2bit/booth2bit_v1.vhd Line: 11
    Info (12023): Found entity 1: booth2bit File: /home/gaurav/Desktop/Sem4/EE224/ee224_sample_vhdl_codes/booth_2bit/booth2bit_v1.vhd Line: 6
Info (12127): Elaborating entity "DUT" for the top level hierarchy
Info (12128): Elaborating entity "booth2bit" for hierarchy "booth2bit:add_instance" File: /home/gaurav/Desktop/Sem4/EE224/ee224_sample_vhdl_codes/booth_2bit/DUT.vhdl Line: 21
Info (12128): Elaborating entity "MUX3" for hierarchy "booth2bit:add_instance|MUX3:m1" File: /home/gaurav/Desktop/Sem4/EE224/ee224_sample_vhdl_codes/booth_2bit/booth2bit_v1.vhd Line: 31
Info (12128): Elaborating entity "left_shift" for hierarchy "booth2bit:add_instance|MUX3:m1|left_shift:l1" File: /home/gaurav/Desktop/Sem4/EE224/ee224_sample_vhdl_codes/booth_2bit/MUX3.vhdl Line: 16
Info (12128): Elaborating entity "MUX" for hierarchy "booth2bit:add_instance|MUX3:m1|left_shift:l1|MUX:m1" File: /home/gaurav/Desktop/Sem4/EE224/ee224_sample_vhdl_codes/booth_2bit/left_shift.vhdl Line: 26
Info (12128): Elaborating entity "fa16bit" for hierarchy "booth2bit:add_instance|fa16bit:fa0" File: /home/gaurav/Desktop/Sem4/EE224/ee224_sample_vhdl_codes/booth_2bit/booth2bit_v1.vhd Line: 34
Warning (10541): VHDL Signal Declaration warning at fa16bit.vhd(8): used implicit default value for signal "cout" because signal was never assigned a value or an explicit default value. Use of implicit default value may introduce unintended design optimizations. File: /home/gaurav/Desktop/Sem4/EE224/ee224_sample_vhdl_codes/booth_2bit/fa16bit.vhd Line: 8
Info (12128): Elaborating entity "fa8bit" for hierarchy "booth2bit:add_instance|fa16bit:fa0|fa8bit:fa1" File: /home/gaurav/Desktop/Sem4/EE224/ee224_sample_vhdl_codes/booth_2bit/fa16bit.vhd Line: 38
Info (12128): Elaborating entity "fa1bit" for hierarchy "booth2bit:add_instance|fa16bit:fa0|fa8bit:fa1|fa1bit:fa0" File: /home/gaurav/Desktop/Sem4/EE224/ee224_sample_vhdl_codes/booth_2bit/fa8bit.vhd Line: 24
Info (21057): Implemented 155 device resources after synthesis - the final resource count might be different
    Info (21058): Implemented 16 input pins
    Info (21059): Implemented 16 output pins
    Info (21061): Implemented 123 logic cells
Info: Quartus Prime Analysis & Synthesis was successful. 0 errors, 3 warnings
    Info: Peak virtual memory: 957 megabytes
    Info: Processing ended: Thu Apr 18 14:49:45 2019
    Info: Elapsed time: 00:00:12
    Info: Total CPU time (on all processors): 00:00:29


